<?xml version="1.0" encoding="UTF-8"?>
<robot generator="Robot 7.0 (Python 3.12.2 on win32)" generated="2024-03-14T17:07:41.445313" rpa="false" schemaversion="5">
<suite id="s1" name="Google Search" source="C:\Users\Administrator\Desktop\myrobot\google_search.robot">
<test id="s1-t1" name="Search Google and Verify Search Results" line="12">
<kw name="Open Google">
<kw name="Open Browser" owner="SeleniumLibrary">
<msg time="2024-03-14T17:07:41.595434" level="INFO">Opening browser 'chrome' to base url 'https://www.google.com'.</msg>
<arg>https://www.google.com</arg>
<arg>${BROWSER}</arg>
<doc>Opens a new browser instance to the optional ``url``.</doc>
<status status="PASS" start="2024-03-14T17:07:41.595434" elapsed="2.223093"/>
</kw>
<status status="PASS" start="2024-03-14T17:07:41.595434" elapsed="2.223093"/>
</kw>
<kw name="Input Search Term">
<kw name="Input Text" owner="SeleniumLibrary">
<msg time="2024-03-14T17:07:43.818527" level="INFO">Typing text 'robot framework' into text field 'name=q'.</msg>
<arg>name=q</arg>
<arg>${SEARCH_TERM}</arg>
<doc>Types the given ``text`` into the text field identified by ``locator``.</doc>
<status status="PASS" start="2024-03-14T17:07:43.818527" elapsed="0.084852"/>
</kw>
<status status="PASS" start="2024-03-14T17:07:43.818527" elapsed="0.084852"/>
</kw>
<kw name="press Enter Google Search">
<kw name="Press Keys" owner="SeleniumLibrary">
<msg time="2024-03-14T17:07:43.904379" level="INFO">Sending key(s) ('ENTER',) to name=q element.</msg>
<msg time="2024-03-14T17:07:44.222136" level="INFO">Pressing special key ENTER to element.</msg>
<msg time="2024-03-14T17:07:44.222136" level="INFO">Releasing special key ENTER.</msg>
<arg>name=q</arg>
<arg>ENTER</arg>
<doc>Simulates the user pressing key(s) to an element or on the active browser.</doc>
<status status="PASS" start="2024-03-14T17:07:43.904379" elapsed="1.239567"/>
</kw>
<status status="PASS" start="2024-03-14T17:07:43.904379" elapsed="1.239567"/>
</kw>
<kw name="Verify Search Results">
<kw name="Wait Until Page Contains" owner="SeleniumLibrary">
<arg>${SEARCH_RESULT}</arg>
<doc>Waits until ``text`` appears on the current page.</doc>
<status status="PASS" start="2024-03-14T17:07:45.143946" elapsed="0.028037"/>
</kw>
<kw name="Page Should Contain" owner="SeleniumLibrary">
<msg time="2024-03-14T17:07:45.189099" level="INFO">Current page contains text 'Automate'.</msg>
<arg>${SEARCH_RESULT}</arg>
<doc>Verifies that current page contains ``text``.</doc>
<status status="PASS" start="2024-03-14T17:07:45.171983" elapsed="0.017116"/>
</kw>
<status status="PASS" start="2024-03-14T17:07:45.143946" elapsed="0.045153"/>
</kw>
<kw name="Close Browser" owner="SeleniumLibrary">
<doc>Closes the current browser.</doc>
<status status="PASS" start="2024-03-14T17:07:45.190099" elapsed="2.071471"/>
</kw>
<doc>Test case to search Google and verify results</doc>
<status status="PASS" start="2024-03-14T17:07:41.595434" elapsed="5.666136"/>
</test>
<test id="s1-t2" name="Search Google and Verify Search Results-2" line="20">
<kw name="Open Google">
<kw name="Open Browser" owner="SeleniumLibrary">
<msg time="2024-03-14T17:07:47.261570" level="INFO">Opening browser 'chrome' to base url 'https://www.google.com'.</msg>
<arg>https://www.google.com</arg>
<arg>${BROWSER}</arg>
<doc>Opens a new browser instance to the optional ``url``.</doc>
<status status="PASS" start="2024-03-14T17:07:47.261570" elapsed="2.299487"/>
</kw>
<status status="PASS" start="2024-03-14T17:07:47.261570" elapsed="2.299693"/>
</kw>
<kw name="Input Search Term">
<kw name="Input Text" owner="SeleniumLibrary">
<msg time="2024-03-14T17:07:49.561263" level="INFO">Typing text 'robot framework' into text field 'name=q'.</msg>
<arg>name=q</arg>
<arg>${SEARCH_TERM}</arg>
<doc>Types the given ``text`` into the text field identified by ``locator``.</doc>
<status status="PASS" start="2024-03-14T17:07:49.561263" elapsed="0.076925"/>
</kw>
<status status="PASS" start="2024-03-14T17:07:49.561263" elapsed="0.076925"/>
</kw>
<kw name="press Enter Google Search">
<kw name="Press Keys" owner="SeleniumLibrary">
<msg time="2024-03-14T17:07:49.638188" level="INFO">Sending key(s) ('ENTER',) to name=q element.</msg>
<msg time="2024-03-14T17:07:49.932929" level="INFO">Pressing special key ENTER to element.</msg>
<msg time="2024-03-14T17:07:49.932929" level="INFO">Releasing special key ENTER.</msg>
<arg>name=q</arg>
<arg>ENTER</arg>
<doc>Simulates the user pressing key(s) to an element or on the active browser.</doc>
<status status="PASS" start="2024-03-14T17:07:49.638188" elapsed="1.291763"/>
</kw>
<status status="PASS" start="2024-03-14T17:07:49.638188" elapsed="1.291763"/>
</kw>
<kw name="Verify Search Results-2">
<kw name="Wait Until Page Contains" owner="SeleniumLibrary">
<arg>${SEARCH_RESULT2}</arg>
<doc>Waits until ``text`` appears on the current page.</doc>
<status status="PASS" start="2024-03-14T17:07:50.929951" elapsed="0.024581"/>
</kw>
<kw name="Page Should Contain" owner="SeleniumLibrary">
<msg time="2024-03-14T17:07:50.964037" level="INFO">Current page contains text 'User'.</msg>
<arg>${SEARCH_RESULT2}</arg>
<doc>Verifies that current page contains ``text``.</doc>
<status status="PASS" start="2024-03-14T17:07:50.954532" elapsed="0.009505"/>
</kw>
<status status="PASS" start="2024-03-14T17:07:50.929951" elapsed="0.034086"/>
</kw>
<kw name="Close Browser" owner="SeleniumLibrary">
<doc>Closes the current browser.</doc>
<status status="PASS" start="2024-03-14T17:07:50.964037" elapsed="2.066729"/>
</kw>
<doc>Test case to search Google and verify results</doc>
<status status="PASS" start="2024-03-14T17:07:47.261570" elapsed="5.769196"/>
</test>
<test id="s1-t3" name="Search Yahoo and Verify Search Results-yahoo" line="29">
<kw name="Open Yahoo">
<kw name="Open Browser" owner="SeleniumLibrary">
<msg time="2024-03-14T17:07:53.030766" level="INFO">Opening browser 'chrome' to base url 'https://www.yahoo.com'.</msg>
<arg>https://www.yahoo.com</arg>
<arg>${BROWSER}</arg>
<doc>Opens a new browser instance to the optional ``url``.</doc>
<status status="PASS" start="2024-03-14T17:07:53.030766" elapsed="26.752487"/>
</kw>
<status status="PASS" start="2024-03-14T17:07:53.030766" elapsed="26.752487"/>
</kw>
<kw name="Input Search Term yahoo">
<kw name="Input Text" owner="SeleniumLibrary">
<msg time="2024-03-14T17:08:19.783253" level="INFO">Typing text 'robot framework' into text field 'name=p'.</msg>
<arg>name=p</arg>
<arg>${SEARCH_TERM}</arg>
<doc>Types the given ``text`` into the text field identified by ``locator``.</doc>
<status status="PASS" start="2024-03-14T17:08:19.783253" elapsed="0.081578"/>
</kw>
<status status="PASS" start="2024-03-14T17:08:19.783253" elapsed="0.082578"/>
</kw>
<kw name="press Yahoo Search">
<kw name="Press Keys" owner="SeleniumLibrary">
<msg time="2024-03-14T17:08:19.866832" level="INFO">Sending key(s) ('ENTER',) to name=p element.</msg>
<msg time="2024-03-14T17:08:20.160504" level="INFO">Pressing special key ENTER to element.</msg>
<msg time="2024-03-14T17:08:20.160504" level="INFO">Releasing special key ENTER.</msg>
<arg>name=p</arg>
<arg>ENTER</arg>
<doc>Simulates the user pressing key(s) to an element or on the active browser.</doc>
<status status="PASS" start="2024-03-14T17:08:19.865831" elapsed="0.300673"/>
</kw>
<status status="PASS" start="2024-03-14T17:08:19.865831" elapsed="0.300673"/>
</kw>
<kw name="Verify Search Results-3">
<kw name="Wait Until Page Contains" owner="SeleniumLibrary">
<arg>${SEARCH_RESULT3}</arg>
<doc>Waits until ``text`` appears on the current page.</doc>
<status status="PASS" start="2024-03-14T17:08:20.167808" elapsed="0.026852"/>
</kw>
<kw name="Page Should Contain" owner="SeleniumLibrary">
<msg time="2024-03-14T17:08:20.221976" level="INFO">Current page contains text 'automation'.</msg>
<arg>${SEARCH_RESULT3}</arg>
<doc>Verifies that current page contains ``text``.</doc>
<status status="PASS" start="2024-03-14T17:08:20.194660" elapsed="0.027316"/>
</kw>
<status status="PASS" start="2024-03-14T17:08:20.167459" elapsed="0.054517"/>
</kw>
<kw name="Close Browser" owner="SeleniumLibrary">
<doc>Closes the current browser.</doc>
<status status="PASS" start="2024-03-14T17:08:20.222975" elapsed="2.089956"/>
</kw>
<doc>Test case to search Google and verify results</doc>
<status status="PASS" start="2024-03-14T17:07:53.030766" elapsed="29.282165"/>
</test>
<status status="PASS" start="2024-03-14T17:07:41.445313" elapsed="40.868618"/>
</suite>
<statistics>
<total>
<stat pass="3" fail="0" skip="0">All Tests</stat>
</total>
<tag>
</tag>
<suite>
<stat pass="3" fail="0" skip="0" id="s1" name="Google Search">Google Search</stat>
</suite>
</statistics>
<errors>
</errors>
</robot>
